<?xml version="1.0" encoding="UTF-8"?>
<testng-results skipped="0" failed="0" ignored="0" total="1" passed="1">
  <reporter-output>
  </reporter-output>
  <suite name="Default suite" duration-ms="67" started-at="2018-07-02T06:56:38Z" finished-at="2018-07-02T06:56:38Z">
    <groups>
    </groups>
    <test name="Default test" duration-ms="67" started-at="2018-07-02T06:56:38Z" finished-at="2018-07-02T06:56:38Z">
      <class name="com.Naveen.JenkinsDemo.JenkinsGit">
        <test-method status="PASS" signature="demo()[pri:0, instance:com.Naveen.JenkinsDemo.JenkinsGit@47c62251]" name="demo" duration-ms="14" started-at="2018-07-02T06:56:38Z" finished-at="2018-07-02T06:56:38Z">
          <reporter-output>
          </reporter-output>
        </test-method> <!-- demo -->
      </class> <!-- com.Naveen.JenkinsDemo.JenkinsGit -->
    </test> <!-- Default test -->
  </suite> <!-- Default suite -->
</testng-results>
